<?xml version="1.0" encoding="UTF-8"?>
<!-- Generated by org.testng.reporters.JUnitXMLReporter -->
<testsuite ignored="0" hostname="DESKTOP-6CA8R65" failures="4" tests="12" name="Test" time="21.471" errors="0" timestamp="2023-12-12T10:49:45 PST">
  <testcase classname="testPractice_Level01.ActionVsActions_06" name="test" time="0.469"/>
  <testcase classname="testPractice_Level01.InnerFrame_type02_10" name="f" time="0.519"/>
  <testcase classname="testPractice_Level01.BrowserLaunch_01" name="f" time="0.002"/>
  <testcase classname="testPractice_Level01.Dropdown_02" name="f" time="0.001"/>
  <testcase classname="testPractice_Level01.iframe_08" name="f" time="1.629">
    <failure type="org.openqa.selenium.NoSuchFrameException" message="No frame element found by name or id name of the frame
Build info: version: &amp;apos;4.15.0&amp;apos;, revision: &amp;apos;1d14b5521b&amp;apos;
System info: os.name: &amp;apos;Windows 11&amp;apos;, os.arch: &amp;apos;amd64&amp;apos;, os.version: &amp;apos;10.0&amp;apos;, java.version: &amp;apos;17.0.9&amp;apos;
Driver info: driver.version: unknown">
      <![CDATA[org.openqa.selenium.NoSuchFrameException: No frame element found by name or id name of the frame
Build info: version: '4.15.0', revision: '1d14b5521b'
System info: os.name: 'Windows 11', os.arch: 'amd64', os.version: '10.0', java.version: '17.0.9'
Driver info: driver.version: unknown
at org.openqa.selenium.remote.RemoteWebDriver$RemoteTargetLocator.frame(RemoteWebDriver.java:1186)
at testPractice_Level01.iframe_08.f(iframe_08.java:27)
at java.base/java.util.ArrayList.forEach(ArrayList.java:1511)
... Removed 27 stack frames]]>
    </failure>
  </testcase> <!-- f -->
  <testcase classname="testPractice_Level01.Inneriframe09" name="f" time="0.421"/>
  <testcase classname="testPractice_Level01.FileUpload_07" name="usingRobot" time="2.548"/>
  <testcase classname="testPractice_Level01.ScreenShot_05" name="test" time="4.874"/>
  <testcase classname="testPractice_Level01.HandlingSlider_03" name="test" time="0.994"/>
  <testcase classname="testPractice_Level01.JavaScriptUtil_04" name="clickElementByJS" time="0.0">
    <failure type="org.testng.TestNGException" message="
Cannot inject @Test annotated Method [clickElementByJS] with [interface org.openqa.selenium.WebElement, interface org.openqa.selenium.WebDriver].
For more information on native dependency injection please refer to https://testng.org/doc/documentation-main.html#native-dependency-injection">
      <![CDATA[org.testng.TestNGException: 
Cannot inject @Test annotated Method [clickElementByJS] with [interface org.openqa.selenium.WebElement, interface org.openqa.selenium.WebDriver].
For more information on native dependency injection please refer to https://testng.org/doc/documentation-main.html#native-dependency-injection
at java.base/java.util.ArrayList.forEach(ArrayList.java:1511)
... Removed 26 stack frames]]>
    </failure>
  </testcase> <!-- clickElementByJS -->
  <testcase classname="testPractice_Level01.JavaScriptUtil_04" name="drawBorder" time="0.0">
    <failure type="org.testng.TestNGException" message="
Cannot inject @Test annotated Method [drawBorder] with [interface org.openqa.selenium.WebElement, interface org.openqa.selenium.WebDriver].
For more information on native dependency injection please refer to https://testng.org/doc/documentation-main.html#native-dependency-injection">
      <![CDATA[org.testng.TestNGException: 
Cannot inject @Test annotated Method [drawBorder] with [interface org.openqa.selenium.WebElement, interface org.openqa.selenium.WebDriver].
For more information on native dependency injection please refer to https://testng.org/doc/documentation-main.html#native-dependency-injection
at java.base/java.util.ArrayList.forEach(ArrayList.java:1511)
... Removed 26 stack frames]]>
    </failure>
  </testcase> <!-- drawBorder -->
  <testcase classname="testPractice_Level01.JavaScriptUtil_04" name="pageRefresh" time="0.0">
    <failure type="org.testng.TestNGException" message="
Cannot inject @Test annotated Method [pageRefresh] with [interface org.openqa.selenium.WebDriver].
For more information on native dependency injection please refer to https://testng.org/doc/documentation-main.html#native-dependency-injection">
      <![CDATA[org.testng.TestNGException: 
Cannot inject @Test annotated Method [pageRefresh] with [interface org.openqa.selenium.WebDriver].
For more information on native dependency injection please refer to https://testng.org/doc/documentation-main.html#native-dependency-injection
at java.base/java.util.ArrayList.forEach(ArrayList.java:1511)
... Removed 26 stack frames]]>
    </failure>
  </testcase> <!-- pageRefresh -->
</testsuite> <!-- Test -->
