<!DOCTYPE html PUBLIC "-//W3C//DTD XHTML 1.1//EN" "https://www.w3.org/TR/xhtml11/DTD/xhtml11.dtd">
<html xmlns="https://www.w3.org/1999/xhtml">
<head>
<meta http-equiv="content-type" content="text/html; charset=UTF-8"/>
<title>TestNG Report</title>
<style type="text/css">table {margin-bottom:10px;border-collapse:collapse;empty-cells:show}th,td {border:1px solid #009;padding:.25em .5em}th {vertical-align:bottom}td {vertical-align:top}table a {font-weight:bold}.stripe td {background-color: #E6EBF9}.num {text-align:right}.passedodd td {background-color: #3F3}.passedeven td {background-color: #0A0}.skippedodd td {background-color: #DDD}.skippedeven td {background-color: #CCC}.failedodd td,.attn {background-color: #F33}.failedeven td,.stripe .attn {background-color: #D00}.stacktrace {white-space:pre;font-family:monospace}.totop {font-size:85%;text-align:center;border-bottom:2px solid #000}.invisible {display:none}</style>
</head>
<body>
<table>
<tr><th>Test</th><th># Passed</th><th># Skipped</th><th># Retried</th><th># Failed</th><th>Time (ms)</th><th>Included Groups</th><th>Excluded Groups</th></tr>
<tr><th colspan="8">Suite</th></tr>
<tr><td><a href="#t0">Test</a></td><td class="num">8</td><td class="num">0</td><td class="num">0</td><td class="num attn">4</td><td class="num">21,471</td><td></td><td></td></tr>
</table>
<table id='summary'><thead><tr><th>Class</th><th>Method</th><th>Start</th><th>Time (ms)</th></tr></thead><tbody><tr><th colspan="4">Suite</th></tr></tbody><tbody id="t0"><tr><th colspan="4">Test &#8212; failed</th></tr><tr class="failedeven"><td rowspan="3">testPractice_Level01.JavaScriptUtil_04</td><td><a href="#m0">clickElementByJS</a></td><td rowspan="1">1702406985379</td><td rowspan="1">0</td></tr><tr class="failedeven"><td><a href="#m1">drawBorder</a></td><td rowspan="1">1702406985391</td><td rowspan="1">0</td></tr><tr class="failedeven"><td><a href="#m2">pageRefresh</a></td><td rowspan="1">1702406985395</td><td rowspan="1">0</td></tr><tr class="failedodd"><td rowspan="1">testPractice_Level01.iframe_08</td><td><a href="#m3">f</a></td><td rowspan="1">1702406974899</td><td rowspan="1">1629</td></tr><tr><th colspan="4">Test &#8212; passed</th></tr><tr class="passedeven"><td rowspan="1">testPractice_Level01.ActionVsActions_06</td><td><a href="#m4">test</a></td><td rowspan="1">1702406973889</td><td rowspan="1">469</td></tr><tr class="passedodd"><td rowspan="1">testPractice_Level01.BrowserLaunch_01</td><td><a href="#m5">f</a></td><td rowspan="1">1702406974892</td><td rowspan="1">2</td></tr><tr class="passedeven"><td rowspan="1">testPractice_Level01.Dropdown_02</td><td><a href="#m6">f</a></td><td rowspan="1">1702406974896</td><td rowspan="1">1</td></tr><tr class="passedodd"><td rowspan="1">testPractice_Level01.FileUpload_07</td><td><a href="#m7">usingRobot</a></td><td rowspan="1">1702406976957</td><td rowspan="1">2548</td></tr><tr class="passedeven"><td rowspan="1">testPractice_Level01.HandlingSlider_03</td><td><a href="#m8">test</a></td><td rowspan="1">1702406984385</td><td rowspan="1">994</td></tr><tr class="passedodd"><td rowspan="1">testPractice_Level01.InnerFrame_type02_10</td><td><a href="#m9">f</a></td><td rowspan="1">1702406974368</td><td rowspan="1">519</td></tr><tr class="passedeven"><td rowspan="1">testPractice_Level01.Inneriframe09</td><td><a href="#m10">f</a></td><td rowspan="1">1702406976532</td><td rowspan="1">421</td></tr><tr class="passedodd"><td rowspan="1">testPractice_Level01.ScreenShot_05</td><td><a href="#m11">test</a></td><td rowspan="1">1702406979510</td><td rowspan="1">4874</td></tr></tbody>
</table>
<h2>Test</h2><h3 id="m0">testPractice_Level01.JavaScriptUtil_04#clickElementByJS</h3><table class="result"><tr><th>Exception</th></tr><tr><td><div class="stacktrace">org.testng.TestNGException: 
Cannot inject @Test annotated Method [clickElementByJS] with [interface org.openqa.selenium.WebElement, interface org.openqa.selenium.WebDriver].
For more information on native dependency injection please refer to https://testng.org/doc/documentation-main.html#native-dependency-injection
	at java.base/java.util.ArrayList.forEach(ArrayList.java:1511)
... Removed 26 stack frames</div></td></tr></table><p class="totop"><a href="#summary">back to summary</a></p>
<h3 id="m1">testPractice_Level01.JavaScriptUtil_04#drawBorder</h3><table class="result"><tr><th>Exception</th></tr><tr><td><div class="stacktrace">org.testng.TestNGException: 
Cannot inject @Test annotated Method [drawBorder] with [interface org.openqa.selenium.WebElement, interface org.openqa.selenium.WebDriver].
For more information on native dependency injection please refer to https://testng.org/doc/documentation-main.html#native-dependency-injection
	at java.base/java.util.ArrayList.forEach(ArrayList.java:1511)
... Removed 26 stack frames</div></td></tr></table><p class="totop"><a href="#summary">back to summary</a></p>
<h3 id="m2">testPractice_Level01.JavaScriptUtil_04#pageRefresh</h3><table class="result"><tr><th>Exception</th></tr><tr><td><div class="stacktrace">org.testng.TestNGException: 
Cannot inject @Test annotated Method [pageRefresh] with [interface org.openqa.selenium.WebDriver].
For more information on native dependency injection please refer to https://testng.org/doc/documentation-main.html#native-dependency-injection
	at java.base/java.util.ArrayList.forEach(ArrayList.java:1511)
... Removed 26 stack frames</div></td></tr></table><p class="totop"><a href="#summary">back to summary</a></p>
<h3 id="m3">testPractice_Level01.iframe_08#f</h3><table class="result"><tr><th>Exception</th></tr><tr><td><div class="stacktrace">org.openqa.selenium.NoSuchFrameException: No frame element found by name or id name of the frame
Build info: version: &apos;4.15.0&apos;, revision: &apos;1d14b5521b&apos;
System info: os.name: &apos;Windows 11&apos;, os.arch: &apos;amd64&apos;, os.version: &apos;10.0&apos;, java.version: &apos;17.0.9&apos;
Driver info: driver.version: unknown
	at org.openqa.selenium.remote.RemoteWebDriver$RemoteTargetLocator.frame(RemoteWebDriver.java:1186)
	at testPractice_Level01.iframe_08.f(iframe_08.java:27)
	at java.base/java.util.ArrayList.forEach(ArrayList.java:1511)
... Removed 27 stack frames</div></td></tr></table><p class="totop"><a href="#summary">back to summary</a></p>
<h3 id="m4">testPractice_Level01.ActionVsActions_06#test</h3><table class="result"><tr><th class="invisible"/></tr></table><p class="totop"><a href="#summary">back to summary</a></p>
<h3 id="m5">testPractice_Level01.BrowserLaunch_01#f</h3><table class="result"><tr><th class="invisible"/></tr></table><p class="totop"><a href="#summary">back to summary</a></p>
<h3 id="m6">testPractice_Level01.Dropdown_02#f</h3><table class="result"><tr><th class="invisible"/></tr></table><p class="totop"><a href="#summary">back to summary</a></p>
<h3 id="m7">testPractice_Level01.FileUpload_07#usingRobot</h3><table class="result"><tr><th class="invisible"/></tr></table><p class="totop"><a href="#summary">back to summary</a></p>
<h3 id="m8">testPractice_Level01.HandlingSlider_03#test</h3><table class="result"><tr><th class="invisible"/></tr></table><p class="totop"><a href="#summary">back to summary</a></p>
<h3 id="m9">testPractice_Level01.InnerFrame_type02_10#f</h3><table class="result"><tr><th class="invisible"/></tr></table><p class="totop"><a href="#summary">back to summary</a></p>
<h3 id="m10">testPractice_Level01.Inneriframe09#f</h3><table class="result"><tr><th class="invisible"/></tr></table><p class="totop"><a href="#summary">back to summary</a></p>
<h3 id="m11">testPractice_Level01.ScreenShot_05#test</h3><table class="result"><tr><th class="invisible"/></tr></table><p class="totop"><a href="#summary">back to summary</a></p>
</body>
</html>
